<?xml version="1.0" encoding="UTF-8"?>
<!-- Generated by org.testng.reporters.JUnitReportReporter -->
<testsuite hostname="LAPTOP-G9NB2VM9" failures="0" tests="1" name="com.test.Login" time="21.726" errors="0" timestamp="2024-10-18T11:46:37 IST" skipped="0">
  <testcase classname="com.test.Login" name="signInKafd" time="21.726"/>
  <system-out/>
</testsuite> <!-- com.test.Login -->
