<?xml version="1.0" encoding="UTF-8"?>
<!-- Generated by org.testng.reporters.JUnitReportReporter -->
<testsuite hostname="CPE-UAEH-D63G0" failures="0" tests="1" name="com.test.BasicTest" time="8.750" errors="0" timestamp="2024-10-15T17:48:57 IST" skipped="0">
  <testcase classname="com.test.BasicTest" name="signInKafd" time="8.750"/>
  <system-out/>
</testsuite> <!-- com.test.BasicTest -->
