<?xml version="1.0" encoding="UTF-8"?>
<!-- Generated by org.testng.reporters.JUnitReportReporter -->
<testsuite hostname="LAPTOP-G9NB2VM9" failures="0" tests="1" name="com.test.Add_Tenancy" time="37.243" errors="0" timestamp="2024-10-18T11:46:37 IST" skipped="0">
  <testcase classname="com.test.Add_Tenancy" name="Add_Tenancy" time="37.243"/>
  <system-out/>
</testsuite> <!-- com.test.Add_Tenancy -->
